<?xml version="1.0" encoding="UTF-8"?>
<testsuite xmlns:xsi="http://www.w3.org/2001/XMLSchema-instance" xsi:noNamespaceSchemaLocation="https://maven.apache.org/surefire/maven-surefire-plugin/xsd/surefire-test-report.xsd" name="se.kth.iv1350.posproj.model.ItemRegistryTest" time="0.001" tests="5" errors="0" skipped="0" failures="0">
  <properties>
    <property name="java.specification.version" value="13"/>
    <property name="sun.cpu.isalist" value="amd64"/>
    <property name="sun.jnu.encoding" value="Cp1252"/>
    <property name="java.class.path" value="C:\Users\G\Downloads\Kurser\Objektorienterad design (IV1350)\Seminar 4\posproj\target\test-classes;C:\Users\G\Downloads\Kurser\Objektorienterad design (IV1350)\Seminar 4\posproj\target\classes;C:\Users\G\.m2\repository\org\junit\jupiter\junit-jupiter\5.7.0-M1\junit-jupiter-5.7.0-M1.jar;C:\Users\G\.m2\repository\org\junit\jupiter\junit-jupiter-api\5.7.0-M1\junit-jupiter-api-5.7.0-M1.jar;C:\Users\G\.m2\repository\org\apiguardian\apiguardian-api\1.1.0\apiguardian-api-1.1.0.jar;C:\Users\G\.m2\repository\org\opentest4j\opentest4j\1.2.0\opentest4j-1.2.0.jar;C:\Users\G\.m2\repository\org\junit\platform\junit-platform-commons\1.7.0-M1\junit-platform-commons-1.7.0-M1.jar;C:\Users\G\.m2\repository\org\junit\jupiter\junit-jupiter-params\5.7.0-M1\junit-jupiter-params-5.7.0-M1.jar;C:\Users\G\.m2\repository\org\junit\jupiter\junit-jupiter-engine\5.7.0-M1\junit-jupiter-engine-5.7.0-M1.jar;C:\Users\G\.m2\repository\org\junit\platform\junit-platform-engine\1.7.0-M1\junit-platform-engine-1.7.0-M1.jar;"/>
    <property name="java.vm.vendor" value="Oracle Corporation"/>
    <property name="sun.arch.data.model" value="64"/>
    <property name="user.variant" value=""/>
    <property name="java.vendor.url" value="https://java.oracle.com/"/>
    <property name="user.timezone" value="Europe/Stockholm"/>
    <property name="user.country.format" value="SE"/>
    <property name="os.name" value="Windows 10"/>
    <property name="java.vm.specification.version" value="13"/>
    <property name="sun.java.launcher" value="SUN_STANDARD"/>
    <property name="user.country" value="US"/>
    <property name="sun.boot.library.path" value="C:\Program Files\Java\jdk-13.0.1\bin"/>
    <property name="sun.java.command" value="C:\Users\G\AppData\Local\Temp\surefire9541325263295613715\surefirebooter3657808657702933447.jar C:\Users\G\AppData\Local\Temp\surefire9541325263295613715 2020-05-13T15-07-27_089-jvmRun1 surefire10828840861930443943tmp surefire_04213934255189741179tmp"/>
    <property name="jdk.debug" value="release"/>
    <property name="surefire.test.class.path" value="C:\Users\G\Downloads\Kurser\Objektorienterad design (IV1350)\Seminar 4\posproj\target\test-classes;C:\Users\G\Downloads\Kurser\Objektorienterad design (IV1350)\Seminar 4\posproj\target\classes;C:\Users\G\.m2\repository\org\junit\jupiter\junit-jupiter\5.7.0-M1\junit-jupiter-5.7.0-M1.jar;C:\Users\G\.m2\repository\org\junit\jupiter\junit-jupiter-api\5.7.0-M1\junit-jupiter-api-5.7.0-M1.jar;C:\Users\G\.m2\repository\org\apiguardian\apiguardian-api\1.1.0\apiguardian-api-1.1.0.jar;C:\Users\G\.m2\repository\org\opentest4j\opentest4j\1.2.0\opentest4j-1.2.0.jar;C:\Users\G\.m2\repository\org\junit\platform\junit-platform-commons\1.7.0-M1\junit-platform-commons-1.7.0-M1.jar;C:\Users\G\.m2\repository\org\junit\jupiter\junit-jupiter-params\5.7.0-M1\junit-jupiter-params-5.7.0-M1.jar;C:\Users\G\.m2\repository\org\junit\jupiter\junit-jupiter-engine\5.7.0-M1\junit-jupiter-engine-5.7.0-M1.jar;C:\Users\G\.m2\repository\org\junit\platform\junit-platform-engine\1.7.0-M1\junit-platform-engine-1.7.0-M1.jar;"/>
    <property name="sun.cpu.endian" value="little"/>
    <property name="user.home" value="C:\Users\G"/>
    <property name="user.language" value="en"/>
    <property name="java.specification.vendor" value="Oracle Corporation"/>
    <property name="java.version.date" value="2019-10-15"/>
    <property name="java.home" value="C:\Program Files\Java\jdk-13.0.1"/>
    <property name="file.separator" value="\"/>
    <property name="basedir" value="C:\Users\G\Downloads\Kurser\Objektorienterad design (IV1350)\Seminar 4\posproj"/>
    <property name="java.vm.compressedOopsMode" value="Zero based"/>
    <property name="line.separator" value="&#10;"/>
    <property name="java.vm.specification.vendor" value="Oracle Corporation"/>
    <property name="java.specification.name" value="Java Platform API Specification"/>
    <property name="surefire.real.class.path" value="C:\Users\G\AppData\Local\Temp\surefire9541325263295613715\surefirebooter3657808657702933447.jar"/>
    <property name="user.script" value=""/>
    <property name="sun.management.compiler" value="HotSpot 64-Bit Tiered Compilers"/>
    <property name="java.runtime.version" value="13.0.1+9"/>
    <property name="user.name" value="G"/>
    <property name="path.separator" value=";"/>
    <property name="os.version" value="10.0"/>
    <property name="java.runtime.name" value="Java(TM) SE Runtime Environment"/>
    <property name="file.encoding" value="Cp1252"/>
    <property name="java.vm.name" value="Java HotSpot(TM) 64-Bit Server VM"/>
    <property name="idea.version2020.1" value="true"/>
    <property name="localRepository" value="C:\Users\G\.m2\repository"/>
    <property name="java.vendor.url.bug" value="https://bugreport.java.com/bugreport/"/>
    <property name="java.io.tmpdir" value="C:\Users\G\AppData\Local\Temp\"/>
    <property name="java.version" value="13.0.1"/>
    <property name="user.dir" value="C:\Users\G\Downloads\Kurser\Objektorienterad design (IV1350)\Seminar 4\posproj"/>
    <property name="os.arch" value="amd64"/>
    <property name="java.vm.specification.name" value="Java Virtual Machine Specification"/>
    <property name="user.language.format" value="sv"/>
    <property name="sun.os.patch.level" value=""/>
    <property name="java.library.path" value="C:\Program Files\Java\jdk-13.0.1\bin;C:\WINDOWS\Sun\Java\bin;C:\WINDOWS\system32;C:\WINDOWS;c:\MinGW\bin;c:\MinGW\libexec\gcc\x86_64-w64-mingw32\9.2.0;C:\Users\G\gcc\bin;C:\Users\G\gcc\libexec\gcc\x86_64-w64-mingw32\9.2.0;C:\Program Files (x86)\Razer Chroma SDK\bin;C:\Program Files\Razer Chroma SDK\bin;C:\Program Files (x86)\Razer\ChromaBroadcast\bin;C:\Program Files\Razer\ChromaBroadcast\bin;C:\Program Files (x86)\Intel\Intel(R) Management Engine Components\iCLS\;C:\Program Files\Intel\Intel(R) Management Engine Components\iCLS\;C:\Windows\system32;C:\Windows;C:\Windows\System32\Wbem;C:\Windows\System32\WindowsPowerShell\v1.0\;C:\Windows\System32\OpenSSH\;C:\Program Files (x86)\NVIDIA Corporation\PhysX\Common;C:\Program Files (x86)\Intel\Intel(R) Management Engine Components\DAL;C:\Program Files\Intel\Intel(R) Management Engine Components\DAL;C:\Program Files (x86)\Intel\Intel(R) Management Engine Components\IPT;C:\Program Files\Intel\Intel(R) Management Engine Components\IPT;C:\Users\G\.dnx\bin;C:\Program Files\Microsoft DNX\Dnvm\;C:\Program Files\Microsoft SQL Server\120\Tools\Binn\;C:\Program Files\Microsoft SQL Server\130\Tools\Binn\;C:\Program Files (x86)\Microsoft Emulator Manager\1.0\;C:\Program Files (x86)\nodejs\;C:\Program Files\dotnet\;C:\Program Files\Microsoft VS Code\bin;C:\WINDOWS\system32;C:\WINDOWS;C:\WINDOWS\System32\Wbem;C:\WINDOWS\System32\WindowsPowerShell\v1.0\;C:\WINDOWS\System32\OpenSSH\;C:\Program Files\NVIDIA Corporation\NVIDIA NvDLISR;C:\Program Files (x86)\Wolfram Research\WolframScript\;C:\WINDOWS\system32;C:\WINDOWS;C:\WINDOWS\System32\Wbem;C:\WINDOWS\System32\WindowsPowerShell\v1.0\;C:\WINDOWS\System32\OpenSSH\;C:\Program Files\Intel\WiFi\bin\;C:\Program Files\Common Files\Intel\WirelessCommon\;C:\Program Files\PuTTY\;C:\WINDOWS\system32\config\systemprofile\AppData\Local\Microsoft\WindowsApps;C:\Program Files (x86)\Microchip\xc32\v2.30\bin;C:\Program Files\Git\cmd;C:\Users\G\AppData\Local\Microsoft\WindowsApps;C:\Users\G\AppData\Roaming\npm;C:\Users\G\AppData\Local\atom\bin;C:\Users\G\AppData\Local\Microsoft\WindowsApps;C:\Program Files\Java\jdk-13.0.1;C:\Users\G\AppData\Local\GitHubDesktop\bin;."/>
    <property name="java.vm.info" value="mixed mode, sharing"/>
    <property name="java.vendor" value="Oracle Corporation"/>
    <property name="java.vm.version" value="13.0.1+9"/>
    <property name="sun.io.unicode.encoding" value="UnicodeLittle"/>
    <property name="java.class.version" value="57.0"/>
  </properties>
  <testcase name="catchConnectionFailure" classname="se.kth.iv1350.posproj.model.ItemRegistryTest" time="0.001"/>
  <testcase name="checkItemCount" classname="se.kth.iv1350.posproj.model.ItemRegistryTest" time="0"/>
  <testcase name="showItemList" classname="se.kth.iv1350.posproj.model.ItemRegistryTest" time="0"/>
  <testcase name="catchItemNotFound" classname="se.kth.iv1350.posproj.model.ItemRegistryTest" time="0"/>
  <testcase name="addItemToList" classname="se.kth.iv1350.posproj.model.ItemRegistryTest" time="0"/>
</testsuite>